Fold 1
Micro Precision: 0.7924257932446264
Micro Recall: 0.7924257932446264
Micro F1: 0.7924257932446264
Macro Precision: 0.7341317787214852
Macro Recall: 0.7817735187697874
Macro F1: 0.7483187000792635
Accuracy: 0.7924257932446264
Fold 2
Micro Precision: 0.7832139201637667
Micro Recall: 0.7832139201637667
Micro F1: 0.7832139201637667
Macro Precision: 0.7241897890201322
Macro Recall: 0.776590306476433
Macro F1: 0.7380709119355866
Accuracy: 0.7832139201637667
Fold 3
Micro Precision: 0.788083538083538
Micro Recall: 0.788083538083538
Micro F1: 0.788083538083538
Macro Precision: 0.7251114669016013
Macro Recall: 0.7788151258309768
Macro F1: 0.7399622567840177
Accuracy: 0.788083538083538
Fold 4
Micro Precision: 0.790950040950041
Micro Recall: 0.790950040950041
Micro F1: 0.7909500409500411
Macro Precision: 0.7275557669670663
Macro Recall: 0.7731446576732964
Macro F1: 0.7417932980000563
Accuracy: 0.790950040950041
Fold 5
Micro Precision: 0.7895167895167895
Micro Recall: 0.7895167895167895
Micro F1: 0.7895167895167895
Macro Precision: 0.7246873212381444
Macro Recall: 0.7739726202747561
Macro F1: 0.7393887411620857
Accuracy: 0.7895167895167895
Fold 6
Micro Precision: 0.7895167895167895
Micro Recall: 0.7895167895167895
Micro F1: 0.7895167895167895
Macro Precision: 0.7240677733099632
Macro Recall: 0.7742852735499794
Macro F1: 0.7389234315756326
Accuracy: 0.7895167895167895
Fold 7
Micro Precision: 0.7893120393120393
Micro Recall: 0.7893120393120393
Micro F1: 0.7893120393120393
Macro Precision: 0.7256423142037502
Macro Recall: 0.773868869197524
Macro F1: 0.7401137697397397
Accuracy: 0.7893120393120393
Fold 8
Micro Precision: 0.7854217854217854
Micro Recall: 0.7854217854217854
Micro F1: 0.7854217854217854
Macro Precision: 0.7268903181145046
Macro Recall: 0.7720636960672029
Macro F1: 0.740288692602455
Accuracy: 0.7854217854217854
Fold 9
Micro Precision: 0.7915642915642915
Micro Recall: 0.7915642915642915
Micro F1: 0.7915642915642915
Macro Precision: 0.7274407877038958
Macro Recall: 0.7759018686780195
Macro F1: 0.7421530045100168
Accuracy: 0.7915642915642915
Fold 10
Micro Precision: 0.773955773955774
Micro Recall: 0.773955773955774
Micro F1: 0.773955773955774
Macro Precision: 0.7115010740816302
Macro Recall: 0.7598721559490984
Macro F1: 0.724575661680092
Accuracy: 0.773955773955774


Average Micro Precision: 0.7873960761729442
Average Micro Recall: 0.7873960761729442
Average Micro F1: 0.7873960761729442
Average Macro Precision: 0.7251218390262173
Average Macro Recall: 0.7740288092467075
Average Macro F1: 0.7393588468068948
Average Accuracy: 0.7873960761729442